[    0.000000] Initializing cgroup subsys cpuset
[    0.000000] Initializing cgroup subsys cpu
[    0.000000] Initializing cgroup subsys cpuacct
[    0.000000] Linux version 4.4.0-62-generic (buildd@lcy01-31) (gcc version 5.4.0 20160609 (Ubuntu 5.4.0-6ubuntu1~16.04.4) ) #83-Ubuntu SMP Wed Jan 18 14:09:55 UTC 2017 (Ubuntu 4.4.0-62.83-generic 4.4.40)
[    0.000000] KERNEL supported cpus:
[    0.000000]   Intel GenuineIntel
[    0.000000]   AMD AuthenticAMD
[    0.000000]   NSC Geode by NSC
[    0.000000]   Cyrix CyrixInstead
[    0.000000]   Centaur CentaurHauls
[    0.000000]   Transmeta GenuineTMx86
[    0.000000]   Transmeta TransmetaCPU
[    0.000000]   UMC UMC UMC UMC
[    0.000000] x86/fpu: Legacy x87 FPU detected.
[    0.000000] x86/fpu: Using 'lazy' FPU context switches.
[    0.000000] e820: BIOS-provided physical RAM map:
[    0.000000] BIOS-e820: [mem 0x0000000000000000-0x000000000009fbff] usable
[    0.000000] BIOS-e820: [mem 0x000000000009fc00-0x000000000009ffff] reserved
[    0.000000] BIOS-e820: [mem 0x00000000000f0000-0x00000000000fffff] reserved
[    0.000000] BIOS-e820: [mem 0x0000000000100000-0x000000003ffeffff] usable
[    0.000000] BIOS-e820: [mem 0x000000003fff0000-0x000000003fffffff] ACPI data
[    0.000000] BIOS-e820: [mem 0x00000000fec00000-0x00000000fec00fff] reserved
[    0.000000] BIOS-e820: [mem 0x00000000fee00000-0x00000000fee00fff] reserved
[    0.000000] BIOS-e820: [mem 0x00000000fffc0000-0x00000000ffffffff] reserved
[    0.000000] NX (Execute Disable) protection: active
[    0.000000] SMBIOS 2.5 present.
[    0.000000] Hypervisor detected: KVM
[    0.000000] e820: last_pfn = 0x3fff0 max_arch_pfn = 0x1000000
[    0.000000] MTRR: Disabled
[    0.000000] x86/PAT: MTRRs disabled, skipping PAT initialization too.
[    0.000000] x86/PAT: Configuration [0-7]: WB  WT  UC- UC  WB  WT  UC- UC  
[    0.000000] CPU MTRRs all blank - virtualized system.
[    0.000000] found SMP MP-table at [mem 0x0009fff0-0x0009ffff] mapped at [c009fff0]
[    0.000000] Scanning 1 areas for low memory corruption
[    0.000000] RAMDISK: [mem 0x36420000-0x37207fff]
[    0.000000] ACPI: Early table checksum verification disabled
[    0.000000] ACPI: RSDP 0x00000000000E0000 000024 (v02 VBOX  )
[    0.000000] ACPI: XSDT 0x000000003FFF0030 00003C (v01 VBOX   VBOXXSDT 00000001 ASL  00000061)
[    0.000000] ACPI: FACP 0x000000003FFF00F0 0000F4 (v04 VBOX   VBOXFACP 00000001 ASL  00000061)
[    0.000000] ACPI: DSDT 0x000000003FFF0470 00210F (v01 VBOX   VBOXBIOS 00000002 INTL 20140214)
[    0.000000] ACPI: FACS 0x000000003FFF0200 000040
[    0.000000] ACPI: FACS 0x000000003FFF0200 000040
[    0.000000] ACPI: APIC 0x000000003FFF0240 00005C (v02 VBOX   VBOXAPIC 00000001 ASL  00000061)
[    0.000000] ACPI: SSDT 0x000000003FFF02A0 0001CC (v01 VBOX   VBOXCPUT 00000002 INTL 20140214)
[    0.000000] 131MB HIGHMEM available.
[    0.000000] 891MB LOWMEM available.
[    0.000000]   mapped low ram: 0 - 37bfe000
[    0.000000]   low ram: 0 - 37bfe000
[    0.000000] kvm-clock: Using msrs 4b564d01 and 4b564d00
[    0.000000] kvm-clock: cpu 0, msr 0:37bfd001, primary cpu clock
[    0.000000] kvm-clock: using sched offset of 3952221863 cycles
[    0.000000] clocksource: kvm-clock: mask: 0xffffffffffffffff max_cycles: 0x1cd42e4dffb, max_idle_ns: 881590591483 ns
[    0.000000] Zone ranges:
[    0.000000]   DMA      [mem 0x0000000000001000-0x0000000000ffffff]
[    0.000000]   Normal   [mem 0x0000000001000000-0x0000000037bfdfff]
[    0.000000]   HighMem  [mem 0x0000000037bfe000-0x000000003ffeffff]
[    0.000000] Movable zone start for each node
[    0.000000] Early memory node ranges
[    0.000000]   node   0: [mem 0x0000000000001000-0x000000000009efff]
[    0.000000]   node   0: [mem 0x0000000000100000-0x000000003ffeffff]
[    0.000000] Initmem setup node 0 [mem 0x0000000000001000-0x000000003ffeffff]
[    0.000000] Using APIC driver default
[    0.000000] ACPI: PM-Timer IO Port: 0x4008
[    0.000000] IOAPIC[0]: apic_id 2, version 32, address 0xfec00000, GSI 0-23
[    0.000000] ACPI: INT_SRC_OVR (bus 0 bus_irq 0 global_irq 2 dfl dfl)
[    0.000000] ACPI: INT_SRC_OVR (bus 0 bus_irq 9 global_irq 9 high level)
[    0.000000] Using ACPI (MADT) for SMP configuration information
[    0.000000] smpboot: Allowing 2 CPUs, 0 hotplug CPUs
[    0.000000] PM: Registered nosave memory: [mem 0x00000000-0x00000fff]
[    0.000000] PM: Registered nosave memory: [mem 0x0009f000-0x0009ffff]
[    0.000000] PM: Registered nosave memory: [mem 0x000a0000-0x000effff]
[    0.000000] PM: Registered nosave memory: [mem 0x000f0000-0x000fffff]
[    0.000000] e820: [mem 0x40000000-0xfebfffff] available for PCI devices
[    0.000000] Booting paravirtualized kernel on KVM
[    0.000000] clocksource: refined-jiffies: mask: 0xffffffff max_cycles: 0xffffffff, max_idle_ns: 7645519600211568 ns
[    0.000000] setup_percpu: NR_CPUS:8 nr_cpumask_bits:8 nr_cpu_ids:2 nr_node_ids:1
[    0.000000] PERCPU: Embedded 19 pages/cpu @f76b0000 s47436 r0 d30388 u77824
[    0.000000] PV qspinlock hash table entries: 512 (order: 0, 4096 bytes)
[    0.000000] Built 1 zonelists in Zone order, mobility grouping on.  Total pages: 259800
[    0.000000] Kernel command line: BOOT_IMAGE=/boot/vmlinuz-4.4.0-62-generic root=UUID=ff119368-8b1c-4f11-9e94-47d6770e615d ro console=tty1 console=ttyS0
[    0.000000] PID hash table entries: 4096 (order: 2, 16384 bytes)
[    0.000000] Dentry cache hash table entries: 131072 (order: 7, 524288 bytes)
[    0.000000] Inode-cache hash table entries: 65536 (order: 6, 262144 bytes)
[    0.000000] Initializing CPU#0
[    0.000000] Initializing HighMem for node 0 (00037bfe:0003fff0)
[    0.000000] Initializing Movable for node 0 (00000000:00000000)
[    0.000000] Memory: 1008756K/1048120K available (7915K kernel code, 764K rwdata, 3148K rodata, 944K init, 800K bss, 39364K reserved, 0K cma-reserved, 135112K highmem)
[    0.000000] virtual kernel memory layout:
[    0.000000]     fixmap  : 0xfff15000 - 0xfffff000   ( 936 kB)
[    0.000000]     pkmap   : 0xffc00000 - 0xffe00000   (2048 kB)
[    0.000000]     vmalloc : 0xf83fe000 - 0xffbfe000   ( 120 MB)
[    0.000000]     lowmem  : 0xc0000000 - 0xf7bfe000   ( 891 MB)
[    0.000000]       .init : 0xc1b91000 - 0xc1c7d000   ( 944 kB)
[    0.000000]       .data : 0xc17bb2cb - 0xc1b8f3c0   (3920 kB)
[    0.000000]       .text : 0xc1000000 - 0xc17bb2cb   (7916 kB)
[    0.000000] Checking if this processor honours the WP bit even in supervisor mode...Ok.
[    0.000000] SLUB: HWalign=64, Order=0-3, MinObjects=0, CPUs=2, Nodes=1
[    0.000000] Hierarchical RCU implementation.
[    0.000000] 	Build-time adjustment of leaf fanout to 32.
[    0.000000] 	RCU restricting CPUs from NR_CPUS=8 to nr_cpu_ids=2.
[    0.000000] RCU: Adjusting geometry for rcu_fanout_leaf=32, nr_cpu_ids=2
[    0.000000] NR_IRQS:2304 nr_irqs:440 16
[    0.000000] Console: colour VGA+ 80x25
[    0.000000] console [tty1] enabled
[    0.000000] console [ttyS0] enabled
[    0.000000] allocated 1048576 bytes of page_ext
[    0.000000] tsc: Detected 3058.998 MHz processor
[    0.433515] Calibrating delay loop (skipped) preset value.. 6117.99 BogoMIPS (lpj=12235992)
[    0.434967] pid_max: default: 32768 minimum: 301
[    0.437903] ACPI: Core revision 20150930
[    0.439762] ACPI: 2 ACPI AML tables successfully acquired and loaded
[    0.440904] Security Framework initialized
[    0.442678] Yama: becoming mindful.
[    0.448629] AppArmor: AppArmor initialized
[    0.449374] Mount-cache hash table entries: 2048 (order: 1, 8192 bytes)
[    0.450378] Mountpoint-cache hash table entries: 2048 (order: 1, 8192 bytes)
[    0.451618] Initializing cgroup subsys io
[    0.452344] Initializing cgroup subsys memory
[    0.453090] Initializing cgroup subsys devices
[    0.469008] Initializing cgroup subsys freezer
[    0.469758] Initializing cgroup subsys net_cls
[    0.470519] Initializing cgroup subsys perf_event
[    0.471310] Initializing cgroup subsys net_prio
[    0.472068] Initializing cgroup subsys hugetlb
[    0.472851] Initializing cgroup subsys pids
[    0.491829] CPU: Physical Processor ID: 0
[    0.536700] CPU: Processor Core ID: 0
[    0.541238] mce: CPU supports 0 MCE banks
[    0.542197] Last level iTLB entries: 4KB 512, 2MB 7, 4MB 7
[    0.548764] Last level dTLB entries: 4KB 512, 2MB 32, 4MB 32, 1GB 0
[    0.553180] Freeing SMP alternatives memory: 28K (c1c7d000 - c1c84000)
[    0.569869] ftrace: allocating 31350 entries in 62 pages
[    0.658075] smpboot: APIC(0) Converting physical 0 to logical package 0
[    0.709051] smpboot: Max logical packages: 1
[    0.729077] Enabling APIC mode:  Flat.  Using 1 I/O APICs
[    0.762612] ..TIMER: vector=0x30 apic1=0 pin1=2 apic2=-1 pin2=-1
[    0.912979] smpboot: CPU0: Intel(R) Core(TM) i3 CPU         540  @ 3.07GHz (family: 0x6, model: 0x25, stepping: 0x5)
[    0.953959] Performance Events: unsupported p6 CPU model 37 no PMU driver, software events only.
[    1.008161] KVM setup paravirtual spinlock
[    1.044092] x86: Booting SMP configuration:
[    1.073102] .... node  #0, CPUs:      #1
[1266874885.757329] Initializing CPU#1
[    1.111622] kvm-clock: cpu 1, msr 0:37bfd041, secondary cpu clock
[    1.112692] mce: CPU supports 0 MCE banks
[    1.115367] x86: Booted up 1 node, 2 CPUs
[    1.139191] smpboot: Total of 2 processors activated (12235.99 BogoMIPS)
[    1.140784] devtmpfs: initialized
[    1.223303] evm: security.selinux
[    1.238905] evm: security.SMACK64
[    1.240624] evm: security.SMACK64EXEC
[    1.248308] evm: security.SMACK64TRANSMUTE
[    1.256390] evm: security.SMACK64MMAP
[    1.258137] evm: security.ima
[    1.258733] evm: security.capability
[    1.259790] clocksource: jiffies: mask: 0xffffffff max_cycles: 0xffffffff, max_idle_ns: 7645041785100000 ns
[    1.261565] pinctrl core: initialized pinctrl subsystem
[    1.264681] RTC time:  5:51:44, date: 03/28/17
[    1.277490] NET: Registered protocol family 16
[    1.291536] EISA bus registered
[    1.308577] cpuidle: using governor ladder
[    1.368962] cpuidle: using governor menu
[    1.388797] PCCT header not found.
[    1.421010] ACPI: bus type PCI registered
[    1.434080] acpiphp: ACPI Hot Plug PCI Controller Driver version: 0.5
[    1.442263] PCI : PCI BIOS area is rw and x. Use pci=nobios if you want it NX.
[    1.445070] PCI: PCI BIOS revision 2.10 entry at 0xfda26, last bus=0
[    1.448787] PCI: Using configuration type 1 for base access
[    1.462554] ACPI: Added _OSI(Module Device)
[    1.505516] ACPI: Added _OSI(Processor Device)
[    1.532471] ACPI: Added _OSI(3.0 _SCP Extensions)
[    1.533549] ACPI: Added _OSI(Processor Aggregator Device)
[    1.535467] ACPI: Executed 1 blocks of module-level executable AML code
[    1.545617] ACPI: Interpreter enabled
[    1.553623] ACPI: (supports S0 S5)
[    1.554451] ACPI: Using IOAPIC for interrupt routing
[    1.555802] PCI: Using host bridge windows from ACPI; if necessary, use "pci=nocrs" and report a bug
[    1.562868] ACPI: PCI Root Bridge [PCI0] (domain 0000 [bus 00-ff])
[    1.565305] acpi PNP0A03:00: _OSC: OS supports [ASPM ClockPM Segments MSI]
[    1.566728] acpi PNP0A03:00: _OSC failed (AE_NOT_FOUND); disabling ASPM
[    1.568120] acpi PNP0A03:00: fail to add MMCONFIG information, can't access extended PCI configuration space under this bridge.
[    1.570832] PCI host bridge to bus 0000:00
[    1.572884] pci_bus 0000:00: root bus resource [io  0x0000-0x0cf7 window]
[    1.574280] pci_bus 0000:00: root bus resource [io  0x0d00-0xffff window]
[    1.576787] pci_bus 0000:00: root bus resource [mem 0x000a0000-0x000bffff window]
[    1.587506] pci_bus 0000:00: root bus resource [mem 0x40000000-0xffdfffff window]
[    1.590377] pci_bus 0000:00: root bus resource [bus 00-ff]
[    1.593016] pci 0000:00:01.1: legacy IDE quirk: reg 0x10: [io  0x01f0-0x01f7]
[    1.597446] pci 0000:00:01.1: legacy IDE quirk: reg 0x14: [io  0x03f6]
[    1.598804] pci 0000:00:01.1: legacy IDE quirk: reg 0x18: [io  0x0170-0x0177]
[    1.600260] pci 0000:00:01.1: legacy IDE quirk: reg 0x1c: [io  0x0376]
[    1.634912] pci 0000:00:07.0: quirk: [io  0x4000-0x403f] claimed by PIIX4 ACPI
[    1.643554] pci 0000:00:07.0: quirk: [io  0x4100-0x410f] claimed by PIIX4 SMB
[    1.678560] ACPI: PCI Interrupt Link [LNKA] (IRQs 5 9 10 *11)
[    1.693409] ACPI: PCI Interrupt Link [LNKB] (IRQs 5 9 10 *11)
[    1.697052] ACPI: PCI Interrupt Link [LNKC] (IRQs 5 9 *10 11)
[    1.714475] ACPI: PCI Interrupt Link [LNKD] (IRQs 5 *9 10 11)
[    1.727690] ACPI: Enabled 2 GPEs in block 00 to 07
[    1.730063] vgaarb: setting as boot device: PCI:0000:00:02.0
[    1.730967] vgaarb: device added: PCI:0000:00:02.0,decodes=io+mem,owns=io+mem,locks=none
[    1.733438] vgaarb: loaded
[    1.733988] vgaarb: bridge control possible 0000:00:02.0
[    1.735187] SCSI subsystem initialized
[    1.737374] ACPI: bus type USB registered
[    1.764224] usbcore: registered new interface driver usbfs
[    1.772797] usbcore: registered new interface driver hub
[    1.773724] usbcore: registered new device driver usb
[    1.775028] PCI: Using ACPI for IRQ routing
[    1.776127] NetLabel: Initializing
[    1.776761] NetLabel:  domain hash size = 128
[    1.777606] NetLabel:  protocols = UNLABELED CIPSOv4
[    1.809887] NetLabel:  unlabeled traffic allowed by default
[    1.811548] amd_nb: Cannot enumerate AMD northbridges
[    1.813955] clocksource: Switched to clocksource kvm-clock
[    1.827705] AppArmor: AppArmor Filesystem Enabled
[    1.873683] pnp: PnP ACPI init
[    1.876088] pnp: PnP ACPI: found 3 devices
[    1.877249] PnPBIOS: Disabled by ACPI PNP
[    1.945379] clocksource: acpi_pm: mask: 0xffffff max_cycles: 0xffffff, max_idle_ns: 2085701024 ns
[    2.015032] NET: Registered protocol family 2
[    2.034742] TCP established hash table entries: 8192 (order: 3, 32768 bytes)
[    2.114301] TCP bind hash table entries: 8192 (order: 4, 65536 bytes)
[    2.120738] TCP: Hash tables configured (established 8192 bind 8192)
[    2.125292] UDP hash table entries: 512 (order: 2, 16384 bytes)
[    2.126574] UDP-Lite hash table entries: 512 (order: 2, 16384 bytes)
[    2.127976] NET: Registered protocol family 1
[    2.134322] pci 0000:00:00.0: Limiting direct PCI/PCI transfers
[    2.143257] pci 0000:00:01.0: Activating ISA DMA hang workarounds
[    2.145861] Trying to unpack rootfs image as initramfs...
[    2.417198] Freeing initrd memory: 14240K (f6420000 - f7208000)
[    2.456732] platform rtc_cmos: registered platform RTC device (no PNP device found)
[    2.462189] Scanning for low memory corruption every 60 seconds
[    2.464749] futex hash table entries: 512 (order: 3, 32768 bytes)
[    2.496670] audit: initializing netlink subsys (disabled)
[    2.504297] audit: type=2000 audit(1490680309.485:1): initialized
[    2.505827] Initialise system trusted keyring
[    2.507216] HugeTLB registered 2 MB page size, pre-allocated 0 pages
[    2.512781] zbud: loaded
[    2.514893] VFS: Disk quotas dquot_6.6.0
[    2.517253] VFS: Dquot-cache hash table entries: 1024 (order 0, 4096 bytes)
[    2.518971] squashfs: version 4.0 (2009/01/31) Phillip Lougher
[    2.523061] fuse init (API version 7.23)
[    2.527179] Key type big_key registered
[    2.530943] Allocating IMA MOK and blacklist keyrings.
[    2.535143] Key type asymmetric registered
[    2.537378] Asymmetric key parser 'x509' registered
[    2.538558] bounce: pool size: 64 pages
[    2.542540] Block layer SCSI generic (bsg) driver version 0.4 loaded (major 249)
[    2.545499] io scheduler noop registered
[    2.547612] io scheduler deadline registered (default)
[    2.548781] io scheduler cfq registered
[    2.549802] pci_hotplug: PCI Hot Plug PCI Core version: 0.5
[    2.551033] pciehp: PCI Express Hot Plug Controller Driver version: 0.4
[    2.559303] ACPI: AC Adapter [AC] (on-line)
[    2.566856] input: Power Button as /devices/LNXSYSTM:00/LNXPWRBN:00/input/input0
[    2.569605] ACPI: Power Button [PWRF]
[    2.571764] input: Sleep Button as /devices/LNXSYSTM:00/LNXSLPBN:00/input/input1
[    2.574671] ACPI: Sleep Button [SLPF]
[    2.587002] GHES: HEST is not enabled!
[    2.596443] isapnp: Scanning for PnP cards...
[    2.619363] Serial: 8250/16550 driver, 32 ports, IRQ sharing enabled
[    2.728464] 00:02: ttyS0 at I/O 0x3f8 (irq = 4, base_baud = 115200) is a 16550A
[    2.792979] Linux agpgart interface v0.103
[    2.856203] brd: module loaded
[    2.896172] loop: module loaded
[    2.898423] scsi host0: ata_piix
[    2.899973] scsi host1: ata_piix
[    2.901339] ata1: PATA max UDMA/33 cmd 0x1f0 ctl 0x3f6 bmdma 0xd000 irq 14
[    2.904000] ata2: PATA max UDMA/33 cmd 0x170 ctl 0x376 bmdma 0xd008 irq 15
[    2.906481] libphy: Fixed MDIO Bus: probed
[    2.908018] tun: Universal TUN/TAP device driver, 1.6
[    2.909773] tun: (C) 1999-2004 Max Krasnyansky <maxk@qualcomm.com>
[    2.912263] PPP generic driver version 2.4.2
[    2.914384] ehci_hcd: USB 2.0 'Enhanced' Host Controller (EHCI) Driver
[    2.916644] ehci-pci: EHCI PCI platform driver
[    2.918421] ehci-platform: EHCI generic platform driver
[    2.920310] ohci_hcd: USB 1.1 'Open' Host Controller (OHCI) Driver
[    2.923162] ohci-pci: OHCI PCI platform driver
[    2.925102] ohci-platform: OHCI generic platform driver
[    2.927512] uhci_hcd: USB Universal Host Controller Interface driver
[    2.930438] i8042: PNP: PS/2 Controller [PNP0303:PS2K,PNP0f03:PS2M] at 0x60,0x64 irq 1,12
[    2.935147] serio: i8042 KBD port at 0x60,0x64 irq 1
[    2.937278] serio: i8042 AUX port at 0x60,0x64 irq 12
[    2.939841] mousedev: PS/2 mouse device common for all mice
[    2.943795] input: AT Translated Set 2 keyboard as /devices/platform/i8042/serio0/input/input2
[    2.947805] rtc_cmos rtc_cmos: rtc core: registered rtc_cmos as rtc0
[    2.950585] rtc_cmos rtc_cmos: alarms up to one day, 114 bytes nvram
[    2.963377] i2c /dev entries driver
[    2.974033] isapnp: No Plug & Play device found
[    3.039692] device-mapper: uevent: version 1.0.3
[    3.042041] device-mapper: ioctl: 4.34.0-ioctl (2015-10-28) initialised: dm-devel@redhat.com
[    3.049160] platform eisa.0: Probing EISA bus 0
[    3.058032] platform eisa.0: EISA: Cannot allocate resource for mainboard
[    3.063927] platform eisa.0: Cannot allocate resource for EISA slot 1
[    3.067633] platform eisa.0: Cannot allocate resource for EISA slot 2
[    3.071559] platform eisa.0: Cannot allocate resource for EISA slot 3
[    3.074455] platform eisa.0: Cannot allocate resource for EISA slot 4
[    3.078793] platform eisa.0: Cannot allocate resource for EISA slot 5
[    3.083629] platform eisa.0: Cannot allocate resource for EISA slot 6
[    3.092779] platform eisa.0: Cannot allocate resource for EISA slot 7
[    3.094235] platform eisa.0: Cannot allocate resource for EISA slot 8
[    3.143609] platform eisa.0: EISA: Detected 0 cards
[    3.182451] cpufreq-nforce2: No nForce2 chipset.
[    3.186662] ledtrig-cpu: registered to indicate activity on CPUs
[    3.187931] NET: Registered protocol family 10
[    3.228033] NET: Registered protocol family 17
[    3.269509] Key type dns_resolver registered
[    3.271041] microcode: CPU0 sig=0x20655, pf=0x4, revision=0x616
[    3.272637] microcode: CPU1 sig=0x20655, pf=0x4, revision=0x616
[    3.274020] microcode: Microcode Update Driver: v2.01 <tigran@aivazian.fsnet.co.uk>, Peter Oruba
[    3.290778] Using IPI No-Shortcut mode
[    3.292181] registered taskstats version 1
[    3.293361] Loading compiled-in X.509 certificates
[    3.298257] Loaded X.509 cert 'Build time autogenerated kernel key: d884481a5860e7cdb15cef4883c70aada3ea9f94'
[    3.315492] zswap: loaded using pool lzo/zbud
[    3.329745] Key type trusted registered
[    3.364244] Key type encrypted registered
[    3.370830] AppArmor: AppArmor sha1 policy hashing enabled
[    3.372253] ima: No TPM chip found, activating TPM-bypass!
[    3.373677] evm: HMAC attrs: 0x1
[    3.375239]   Magic number: 9:951:871
[    3.376485] rtc_cmos rtc_cmos: setting system clock to 2017-03-28 05:51:46 UTC (1490680306)
[    3.378959] BIOS EDD facility v0.16 2004-Jun-25, 0 devices found
[    3.380478] EDD information not available.
[    3.382504] Freeing unused kernel memory: 944K (c1b91000 - c1c7d000)
[    3.395363] Write protecting the kernel text: 7920k
[    3.402103] Write protecting the kernel read-only data: 3152k
[    3.403594] NX-protecting the kernel data: 6416k
Loading, please wait...
starting version[    3.454035] tsc: Refined TSC clocksource calibration: 3060.447 MHz
 229
[    3.497300] clocksource: tsc: mask: 0xffffffffffffffff max_cycles: 0x2c1d533a6c6, max_idle_ns: 440795283519 ns
[    3.498876] random: udevadm: uninitialized urandom read (16 bytes read, 0 bits of entropy available)
[    3.498934] random: udevadm: uninitialized urandom read (16 bytes read, 0 bits of entropy available)
[    3.499190] random: udevadm: uninitialized urandom read (16 bytes read, 0 bits of entropy available)
[    3.499314] random: udevadm: uninitialized urandom read (16 bytes read, 0 bits of entropy available)
[    3.499427] random: udevadm: uninitialized urandom read (16 bytes read, 0 bits of entropy available)
[    3.499548] random: udevadm: uninitialized urandom read (16 bytes read, 0 bits of entropy available)
[    3.499668] random: udevadm: uninitialized urandom read (16 bytes read, 0 bits of entropy available)
[    3.499787] random: udevadm: uninitialized urandom read (16 bytes read, 0 bits of entropy available)
[    3.499908] random: udevadm: uninitialized urandom read (16 bytes read, 0 bits of entropy available)
[    3.500035] random: udevadm: uninitialized urandom read (16 bytes read, 0 bits of entropy available)
[    3.595132] e1000: Intel(R) PRO/1000 Network Driver - version 7.3.21-k8-NAPI
[    3.599455] e1000: Copyright (c) 1999-2006 Intel Corporation.
[    3.605379] Fusion MPT base driver 3.04.20
[    3.608106] Copyright (c) 1999-2008 LSI Corporation
[    3.620952] Fusion MPT SPI Host driver 3.04.20
[    3.815925] input: ImExPS/2 Generic Explorer Mouse as /devices/platform/i8042/serio1/input/input4
[    3.974342] e1000 0000:00:03.0 eth0: (PCI:33MHz:32-bit) 02:20:67:c1:0d:36
[    3.994752] e1000 0000:00:03.0 eth0: Intel(R) PRO/1000 Network Connection
[    4.364607] e1000 0000:00:08.0 eth1: (PCI:33MHz:32-bit) 08:00:27:37:be:de
[    4.371394] e1000 0000:00:08.0 eth1: Intel(R) PRO/1000 Network Connection
[    4.377530] e1000 0000:00:03.0 enp0s3: renamed from eth0
[    4.406780] mptbase: ioc0: Initiating bringup
[    4.482554] e1000 0000:00:08.0 enp0s8: renamed from eth1
[    4.538489] ioc0: LSI53C1030 A0: Capabilities={Initiator}
[    4.992106] scsi host2: ioc0: LSI53C1030 A0, FwRev=00000000h, Ports=1, MaxQ=256, IRQ=20
[    5.158802] scsi 2:0:0:0: Direct-Access     VBOX     HARDDISK         1.0  PQ: 0 ANSI: 5
[    5.175107] scsi target2:0:0: Beginning Domain Validation
[    5.177383] scsi target2:0:0: Domain Validation skipping write tests
[    5.178961] scsi target2:0:0: Ending Domain Validation
[    5.273812] scsi target2:0:0: asynchronous
[    5.299633] scsi 2:0:1:0: Direct-Access     VBOX     HARDDISK         1.0  PQ: 0 ANSI: 5
[    5.309271] scsi target2:0:1: Beginning Domain Validation
[    5.342588] scsi target2:0:1: Domain Validation skipping write tests
[    5.370891] scsi target2:0:1: Ending Domain Validation
[    5.375206] scsi target2:0:1: asynchronous
[    5.391638] sd 2:0:0:0: [sda] 20971520 512-byte logical blocks: (10.7 GB/10.0 GiB)
[    5.391923] sd 2:0:0:0: Attached scsi generic sg0 type 0
[    5.392677] sd 2:0:1:0: Attached scsi generic sg1 type 0
[    5.513637] sd 2:0:1:0: [sdb] 20480 512-byte logical blocks: (10.5 MB/10.0 MiB)
[    5.513862] sd 2:0:0:0: [sda] Write Protect is off
[    5.513980] sd 2:0:0:0: [sda] Incomplete mode parameter data
[    5.513981] sd 2:0:0:0: [sda] Assuming drive cache: write through
[    5.643857] sd 2:0:1:0: [sdb] Write Protect is off
[    5.645075] sd 2:0:1:0: [sdb] Incomplete mode parameter data
[    5.645373]  sda: sda1
[    5.646169] sd 2:0:0:0: [sda] Attached SCSI disk
[    5.722538] sd 2:0:1:0: [sdb] Assuming drive cache: write through
[    5.769177] sd 2:0:1:0: [sdb] Attached SCSI disk
[    6.678557] floppy0: no floppy controllers found
Begin: Loading essential drivers ... [    8.070205] md: linear personality registered for level -1
[    8.077399] md: multipath personality registered for level -4
[    8.091810] md: raid0 personality registered for level 0
[    8.098692] md: raid1 personality registered for level 1
[    8.194044] raid6: mmxx1    gen()  4251 MB/s
[    8.298054] raid6: mmxx2    gen()  4055 MB/s
[    8.378047] raid6: sse1x1   gen()  3161 MB/s
[    8.481978] raid6: sse1x2   gen()  3911 MB/s
[    8.566034] raid6: sse2x1   gen()  7322 MB/s
[    8.670013] raid6: sse2x1   xor()  5163 MB/s
[    8.754031] raid6: sse2x2   gen()  8634 MB/s
[    8.829995] raid6: sse2x2   xor()  6413 MB/s
[    8.844292] raid6: using algorithm sse2x2 gen() 8634 MB/s
[    8.845663] raid6: .... xor() 6413 MB/s, rmw enabled
[    8.847005] raid6: using ssse3x1 recovery algorithm
[    8.852577] xor: measuring software checksum speed
[    8.947204]    pIII_sse  : 31286.000 MB/sec
[    9.015170]    prefetch64-sse: 30345.000 MB/sec
[    9.023340] xor: using function: pIII_sse (31286.000 MB/sec)
[    9.028261] async_tx: api initialized (async)
[    9.055618] md: raid6 personality registered for level 6
[    9.062163] md: raid5 personality registered for level 5
[    9.069695] md: raid4 personality registered for level 4
[    9.094357] md: raid10 personality registered for level 10
done.
Begin: Running /scripts/init-premount ... done.
Begin: Mounting root file system ... Begin: Running /scripts/local-top ... done.
Begin: Running /scripts/local-premount ... [    9.212384] Btrfs loaded
Scanning for Btrfs filesystems
done.
Warning: fsck no[    9.289752] EXT4-fs (sda1): INFO: recovery required on readonly filesystem
t present, so skipping root file system
[    9.303933] EXT4-fs (sda1): write access will be enabled during recovery
[    9.777919] EXT4-fs (sda1): orphan cleanup on readonly fs
[    9.923007] EXT4-fs (sda1): 21 orphan inodes deleted
[    9.930327] EXT4-fs (sda1): recovery complete
[    9.933507] EXT4-fs (sda1): mounted filesystem with ordered data mode. Opts: (null)
done.
Begin: Running /scripts/local-bottom ... done.
Begin: Running /scripts/init-bottom ... done.
[   10.353365] random: nonblocking pool is initialized
[   10.842473] systemd[1]: systemd 229 running in system mode. (+PAM +AUDIT +SELINUX +IMA +APPARMOR +SMACK +SYSVINIT +UTMP +LIBCRYPTSETUP +GCRYPT +GNUTLS +ACL +XZ -LZ4 +SECCOMP +BLKID +ELFUTILS +KMOD -IDN)
[   10.846332] systemd[1]: Detected virtualization oracle.
[   10.848248] systemd[1]: Detected architecture x86.

Welcome to [1mUbuntu 16.04.2 LTS[0m!

[   10.963244] systemd[1]: Set hostname to <ubuntu-xenial>.
[   12.644839] systemd[1]: Started Forward Password Requests to Wall Directory Watch.
[[0;32m  OK  [0m] Started Forward Password Requests to Wall Directory Watch.
[   12.719465] systemd[1]: Listening on LVM2 poll daemon socket.
[[0;32m  OK  [0m] Listening on LVM2 poll daemon socket.
[   12.754542] systemd[1]: Listening on /dev/initctl Compatibility Named Pipe.
[[0;32m  OK  [0m] Listening on /dev/initctl Compatibility Named Pipe.
[   12.774879] systemd[1]: Set up automount Arbitrary Executable File Formats File System Automount Point.
[[0;32m  OK  [0m] Set up automount Arbitrary Executab...ats File System Automount Point.
[   12.825875] systemd[1]: Created slice System Slice.
[[0;32m  OK  [0m] Created slice System Slice.
[   12.828071] systemd[1]: Created slice system-serial\x2dgetty.slice.
[[0;32m  OK  [0m] Created slice system-serial\x2dgetty.slice.
[   12.833571] systemd[1]: Reached target Encrypted Volumes.
[[0;32m  OK  [0m] Reached target Encrypted Volumes.
[   12.846102] systemd[1]: Created slice User and Session Slice.
[[0;32m  OK  [0m] Created slice User and Session Slice.
[   12.848593] systemd[1]: Reached target Swap.
[[0;32m  OK  [0m] Reached target Swap.
[   12.882740] systemd[1]: Listening on LVM2 metadata daemon socket.
[[0;32m  OK  [0m] Listening on LVM2 metadata daemon socket.
[   12.887734] systemd[1]: Listening on Syslog Socket.
[[0;32m  OK  [0m] Listening on Syslog Socket.
[   12.889925] systemd[1]: Listening on udev Kernel Socket.
[[0;32m  OK  [0m] Listening on udev Kernel Socket.
[   12.926324] systemd[1]: Listening on Journal Socket.
[[0;32m  OK  [0m] Listening on Journal Socket.
[   13.038343] systemd[1]: Mounting POSIX Message Queue File System...
         Mounting POSIX Message Queue File System...
[   13.102375] systemd[1]: Starting Create list of required static device nodes for the current kernel...
         Starting Create list of required st... nodes for the current kernel...
[   13.170337] systemd[1]: Mounting Huge Pages File System...
         Mounting Huge Pages File System...
[   13.248103] systemd[1]: Starting Load Kernel Modules...
         Starting Load Kernel Modules...
[   13.390255] Loading iSCSI transport class v2.0-870.
[   13.391180] systemd[1]: Starting Nameserver information manager...
         Starting Nameserver information manager...
[   13.434777] iscsi: registered transport (tcp)
[   13.541763] systemd[1]: Listening on Journal Socket (/dev/log).
[[0;32m  OK  [0m] Listening on Journal Socket (/dev/log).
[   13.795066] systemd[1]: Starting Set console keymap...
         Starting Set console keymap...
[   13.863150] systemd[1]: Starting Remount Root and Kernel File Systems...
         Startin[   13.887910] EXT4-fs (sda1): re-mounted. Opts: (null)
g Remount Root and Kernel File Systems...
[   13.910330] systemd[1]: Listening on Device-mapper event daemon FIFOs.
[   13.934645] iscsi: registered transport (iser)
[[0;32m  OK  [0m] Listening on Device-mapper event daemon FIFOs.
[   13.954217] systemd[1]: Mounting Debug File System...
         Mounting Debug File System...
[   13.999758] systemd[1]: Reached target User and Group Name Lookups.
[[0;32m  OK  [0m] Reached target User and Group Name Lookups.
[   14.006462] systemd[1]: Starting Uncomplicated firewall...
         Starting Uncomplicated firewall...
[   14.035007] systemd[1]: Listening on Journal Audit Socket.
[[0;32m  OK  [0m] Listening on Journal Audit Socket.
[   14.039615] systemd[1]: Starting Journal Service...
         Starting Journal Service...
[   14.057012] systemd[1]: Reached target Slices.
[[0;32m  OK  [0m] Reached target Slices.
[   14.060409] systemd[1]: Starting Monitoring of LVM2 mirrors, snapshots etc. using dmeventd or progress polling...
         Starting Monitoring of LVM2 mirrors... dmeventd or progress polling...
[   14.078075] systemd[1]: Listening on udev Control Socket.
[[0;32m  OK  [0m] Listening on udev Control Socket.
[   14.320604] systemd[1]: Mounted Debug File System.
[[0;32m  OK  [0m] Mounted Debug File System.
[   14.338287] systemd[1]: Mounted Huge Pages File System.
[[0;32m  OK  [0m] Mounted Huge Pages File System.
[   14.350123] systemd[1]: Mounted POSIX Message Queue File System.
[[0;32m  OK  [0m] Mounted POSIX Message Queue File System.
[   14.417309] systemd[1]: Started Create list of required static device nodes for the current kernel.
[[0;32m  OK  [0m] Started Create list of required sta...ce nodes for the current kernel.
[   14.587879] systemd[1]: Started Load Kernel Modules.
[[0;32m  OK  [0m] Started Load Kernel Modules.
[   14.959312] systemd[1]: Started Set console keymap.
[[0;32m  OK  [0m] Started Set console keymap.
[   15.010856] systemd[1]: Started Remount Root and Kernel File Systems.
[[0;32m  OK  [0m] Started Remount Root and Kernel File Systems.
[   15.063650] systemd[1]: Started Uncomplicated firewall.
[[0;32m  OK  [0m] Started Uncomplicated firewall.
[   15.102426] systemd[1]: Started Nameserver information manager.
[[0;32m  OK  [0m] Started Nameserver information manager.
[   15.113175] systemd[1]: Started Journal Service.
[[0;32m  OK  [0m] Started Journal Service.
[[0;32m  OK  [0m] Started LVM2 metadata daemon.
         Starting Initial cloud-init job (pre-networking)...
         Starting Flush Journal to Persistent Storage...
         Starting Load/Save Random Seed...
         Starting udev Coldplug all Devices...
         Mounting FUSE Control File System...
         Starting Apply Kernel Variables...
         Starting Create Static Device Nodes in /dev...
[[0;32m  OK  [0m] Mounted FUSE Control File System.
[[0;32m  OK  [0m] Started Load/Save Random Seed.
[   15.560573] systemd-journald[423]: Received request to flush runtime journal from PID 1
[[0;32m  OK  [0m] Started udev Coldplug all Devices.
[[0;32m  OK  [0m] Started Flush Journal to Persistent Storage.
[[0;32m  OK  [0m] Started Apply Kernel Variables.
[[0;32m  OK  [0m] Started Create Static Device Nodes in /dev.
         Starting udev Kernel Device Manager...
[[0;32m  OK  [0m] Started Monitoring of LVM2 mirrors,...ng dmeventd or progress polling.
[[0;32m  OK  [0m] Started udev Kernel Device Manager.
[[0;32m  OK  [0m] Reached target Local File Systems (Pre).
[[0;32m  OK  [0m] Reached target Local File Systems.
         Starting Set console font and keymap...
         Starting LSB: AppArmor initialization...
         Starting Tell Plymouth To Write Out Runtime Data...
         Starting Create Volatile Files and Directories...
[[0;32m  OK  [0m] Started Dispatch Password Requests to Console Directory Watch.
[[0;32m  OK  [0m] Started Create Volatile Files and Directories.
[[0;32m  OK  [0m] Started Tell Plymouth To Write Out Runtime Data.
[[0;32m  OK  [0m] Reached target System Time Synchronized.
         Starting Update UTMP about System Boot/Shutdown...
[[0;32m  OK  [0m] Found device /dev/ttyS0.
[[0;32m  OK  [0m] Started Update UTMP about System Boot/Shutdown.
[[0;32m  OK  [0m] Found device 82540EM Gigabit Ethern...r (PRO/1000 MT Desktop Adapter).
[[0;32m  OK  [0m] Found device 82540EM Gigabit Ethern...r (PRO/1000 MT Desktop Adapter).
[[0;32m  OK  [0m] Started Set console font and keymap.
[[0;32m  OK  [0m] Created slice system-getty.slice.
[[0;32m  OK  [0m] Listening on Load/Save RF Kill Switch Status /dev/rfkill Watch.
[[0;32m  OK  [0m] Started LSB: AppArmor initialization.
[   23.077186] cloud-init[451]: Cloud-init v. 0.7.9 running 'init-local' at Tue, 28 Mar 2017 05:52:06 +0000. Up 22.26 seconds.
[[0;32m  OK  [0m] Started Initial cloud-init job (pre-networking).
[[0;32m  OK  [0m] Reached target Network (Pre).
         Starting Raise network interfaces...
[[0;32m  OK  [0m] Started ifup for enp0s3.
[[0;32m  OK  [0m] Started ifup for enp0s8.
[[0;32m  OK  [0m] Started Raise network interfaces.
         Starting Initial cloud-init job (metadata service crawler)...
[[0;32m  OK  [0m] Reached target Network.
[   24.927892] cloud-init[1140]: Cloud-init v. 0.7.9 running 'init' at Tue, 28 Mar 2017 05:52:08 +0000. Up 24.08 seconds.
[[0;32m  OK  [0m] Started Initial cloud-init job (metadata service crawler).
[   25.026912] cloud-init[1140]: ci-info: ++++++++++++++++++++++++++++++++++++++Net device info++++++++++++++++++++++++++++++++++++++
[[0;32m  OK  [0m] Reached target System Initialization.
[[0;32m  OK  [0m] Listening on D-Bus System Message Bus Socket.
[[0;32m  OK  [0m] Started Trigger resolvconf update for networkd DNS.
[   25.038314] cloud-init[1140]: ci-info: +--------+------+-----------------------------+---------------+-------+-------------------+
[   25.127015] cloud-init[1140]: ci-info: | Device |  Up  |           Address           |      Mask     | Scope |     Hw-Address    |
[   25.129253] cloud-init[1140]: ci-info: +--------+------+-----------------------------+---------------+-------+-------------------+
[   25.133738] cloud-init[1140]: ci-info: |   lo   | True |          127.0.0.1          |   255.0.0.0   |   .   |         .         |
         Starting LXD - unix socket.
[[0;32m  OK  [0m] Listening on UUID daemon activation socket.
[   25.161650] cloud-init[1140]: ci-info: |   lo   | True |           ::1/128           |       .       |  host |         .         |
[   25.244594] cloud-init[1140]: ci-info: | enp0s8 | True |        192.168.32.11        | 255.255.255.0 |   .   | 08:00:27:37:be:de |
[   25.316599] cloud-init[1140]: ci-info: | enp0s8 | True | fe80::a00:27ff:fe37:bede/64 |       .       |  link | 08:00:27:37:be:de |
         Starting Socket activation for snappy daemon.
[   25.360852] cloud-init[1140]: ci-info: | enp0s3 | True |          10.0.2.15          | 255.255.255.0 |   .   | 02:20:67:c1:0d:36 |
[[0;32m  OK  [0m] Started Daily apt activities.
[[0;32m  OK  [0m] Started Timer to automatically refresh installed snaps.
[[0;32m  OK  [0m] Listening on ACPID Listen Socket.
[   25.396543] cloud-init[1140]: ci-info: | enp0s3 | True |  fe80::20:67ff:fec1:d36/64  |       .       |  link | 02:20:67:c1:0d:36 |
[[0;32m  OK  [0m] Started Daily Cleanup of Temporary Directories.
[[0;32m  OK  [0m] Reached target Timers.
[   25.407826] cloud-init[1140]: ci-info: +--------+------+-----------------------------+---------------+-------+-------------------+
[   25.413685] cloud-init[1140]: ci-info: ++++++++++++++++++++++++++++Route IPv4 info++++++++++++++++++++++++++++
[   25.415903] cloud-init[1140]: ci-info: +-------+--------------+----------+---------------+-----------+-------+
[   25.423338] cloud-init[1140]: ci-info: | Route | Destination  | Gateway  |    Genmask    | Interface | Flags |
[[0;32m  OK  [0m] Started ACPI Events Check.
[[0;32m  OK  [0m] Reached target Paths.
[[0;32m  OK  [0m] Reached target Network is Online.
[   25.438868] cloud-init[1140]: ci-info: +-------+--------------+----------+---------------+-----------+-------+
[   25.446442] cloud-init[1140]: ci-info: |   0   |   0.0.0.0    | 10.0.2.2 |    0.0.0.0    |   enp0s3  |   UG  |
[   25.464253] cloud-init[1140]: ci-info: |   1   |   10.0.2.0   | 0.0.0.0  | 255.255.255.0 |   enp0s3  |   U   |
[   25.464375] cloud-init[1140]: ci-info: |   2   | 192.168.32.0 | 0.0.0.0  | 255.255.255.0 |   enp0s8  |   U   |
[   25.465652] cloud-init[1140]: ci-info: +-------+--------------+----------+---------------+-----------+-------+
         Starting iSCSI initiator daemon (iscsid)...
[[0;32m  OK  [0m] Reached target Cloud-config availability.
[[0;32m  OK  [0m] Listening on LXD - unix socket.
[[0;32m  OK  [0m] Listening on Socket activation for snappy daemon.
[[0;32m  OK  [0m] Reached target Sockets.
[[0;32m  OK  [0m] Reached target Basic System.
[[0;32m  OK  [0m] Started FUSE filesystem for LXC.
[[0;32m  OK  [0m] Started Deferred execution scheduler.
         Starting LXD - container startup/shutdown...
         Starting /etc/rc.local Compatibility...
         Starting Apply the settings specified in cloud-config...
[[0;32m  OK  [0m] Started Snappy daemon.
         Starting Auto import assertions from block devices...
         Starting LSB: MD monitoring daemon...
[[0;32m  OK  [0m] Started ACPI event daemon.
[[0;32m  OK  [0m] Started Regular background program processing daemon.
         Starting LSB: Record successful boot for GRUB...
[[0;32m  OK  [0m] Started D-Bus System Message Bus.
[   26.563693] cloud-init[1204]: Cloud-init v. 0.7.9 running 'modules:config' at Tue, 28 Mar 2017 05:52:10 +0000. Up 26.10 seconds.
         Starting OpenBSD Secure Shell server...
         Starting Accounts Service...
         Starting System Logging Service...
         Starting Login Service...
[[0;32m  OK  [0m] Started iSCSI initiator daemon (iscsid).
[[0;32m  OK  [0m] Started /etc/rc.local Compatibility.
[[0;32m  OK  [0m] Started Apply the settings specified in cloud-config.
[[0;32m  OK  [0m] Started Auto import assertions from block devices.
         Starting Login to default iSCSI targets...
[[0;32m  OK  [0m] Started LSB: Record successful boot for GRUB.
[[0;32m  OK  [0m] Started Login Service.
[[0;32m  OK  [0m] Started LSB: MD monitoring daemon.
[[0;32m  OK  [0m] Started Login to default iSCSI targets.
[[0;32m  OK  [0m] Reached target Remote File Systems (Pre).
[[0;32m  OK  [0m] Reached target Remote File Systems.
         Starting LSB: Apache2 web server...
         Starting LSB: VirtualBox Linux Additions...
         Starting Permit User Sessions...
         Starting LSB: automatic crash report generation...
         Starting LSB: Set the CPU Frequency Scaling governor to "ondemand"...
         Starting LSB: daemon to balance interrupts for SMP systems...
[[0;32m  OK  [0m] Started System Logging Service.
[[0;32m  OK  [0m] Started Permit User Sessions.
[[0;32m  OK  [0m] Started LSB: Set the CPU Frequency Scaling governor to "ondemand".
         Starting Hold until boot process finishes up...
         Starting Terminate Plymouth Boot Screen...
[[0;32m  OK  [0m] Started Hold until boot process finishes up.
[[0;32m  OK  [0m] Started Terminate Plymouth Boot Screen.
         Starting Set console scheme...
[[0;32m  OK  [0m] Started Serial Getty on ttyS0.
[[0;32m  OK  [0m] Started Getty on tty1.
[[0;32m  OK  [0m] Reached target Login Prompts.
[[0;32m  OK  [0m] Started Set console scheme.
[[0;32m  OK  [0m] Started OpenBSD Secure Shell server.
[[0;32m  OK  [0m] Started LSB: daemon to balance interrupts for SMP systems.
[[0;32m  OK  [0m] Started LSB: automatic crash report generation.
         Starting Authenticate and Authorize Users to Run Privileged Tasks...
[[0;32m  OK  [0m] Started LXD - container startup/shutdown.
[[0;32m  OK  [0m] Started LSB: VirtualBox Linux Additions.
[[0;32m  OK  [0m] Started Authenticate and Authorize Users to Run Privileged Tasks.
[[0;32m  OK  [0m] Started Accounts Service.
[[0;32m  OK  [0m] Created slice User Slice of ubuntu.
         Starting User Manager for UID 1000...
[[0;32m  OK  [0m] Started Session 1 of user ubuntu.
[[0;32m  OK  [0m] Started User Manager for UID 1000.
[[0;32m  OK  [0m] Started LSB: Apache2 web server.
[[0;32m  OK  [0m] Reached target Multi-User System.
[[0;32m  OK  [0m] Reached target Graphical Interface.
         Starting Update UTMP about System Runlevel Changes...
         Starting Execute cloud user/final scripts...
[[0;32m  OK  [0m] Started Update UTMP about System Runlevel Changes.
[   33.914143] cloud-init[1481]: Cloud-init v. 0.7.9 running 'modules:final' at Tue, 28 Mar 2017 05:52:18 +0000. Up 33.61 seconds.
[   33.914853] cloud-init[1481]: Cloud-init v. 0.7.9 finished at Tue, 28 Mar 2017 05:52:18 +0000. Datasource DataSourceNoCloud [seed=/dev/sdb][dsmode=net].  Up 33.90 seconds

Ubuntu 16.04.2 LTS ubuntu-xenial ttyS0

ubuntu-xenial login: 